2018-11-08 23:38:47 INFO  Starting MabuluSpringApplication v0.0.1-SNAPSHOT on ip-172-31-45-26 with PID 10837 (/var/www/springboot/MabuluServices.jar started by ubuntu in /var/www/springboot)
2018-11-08 23:38:47 DEBUG Running with Spring Boot v2.0.2.RELEASE, Spring v5.0.6.RELEASE
2018-11-08 23:38:47 INFO  No active profile set, falling back to default profiles: default
2018-11-08 23:38:47 INFO  Refreshing org.springframework.boot.web.servlet.context.AnnotationConfigServletWebServerApplicationContext@4cdbe50f: startup date [Thu Nov 08 23:38:47 UTC 2018]; root of context hierarchy
2018-11-08 23:38:50 INFO  Bean 'org.springframework.transaction.annotation.ProxyTransactionManagementConfiguration' of type [org.springframework.transaction.annotation.ProxyTransactionManagementConfiguration$$EnhancerBySpringCGLIB$$582af4bf] is not eligible for getting processed by all BeanPostProcessors (for example: not eligible for auto-proxying)
2018-11-08 23:38:51 INFO  Tomcat initialized with port(s): 8080 (http)
2018-11-08 23:38:51 INFO  Root WebApplicationContext: initialization completed in 4594 ms
2018-11-08 23:38:52 INFO  Loaded JDBC driver: com.mysql.jdbc.Driver
2018-11-08 23:38:53 INFO  Mapping filter: 'characterEncodingFilter' to: [/*]
2018-11-08 23:38:53 INFO  Mapping filter: 'hiddenHttpMethodFilter' to: [/*]
2018-11-08 23:38:53 INFO  Mapping filter: 'httpPutFormContentFilter' to: [/*]
2018-11-08 23:38:53 INFO  Mapping filter: 'requestContextFilter' to: [/*]
2018-11-08 23:38:53 INFO  Mapping filter: 'corsFilter' to: [/*]
2018-11-08 23:38:53 INFO  Mapping filter: 'httpTraceFilter' to: [/*]
2018-11-08 23:38:53 INFO  Mapping filter: 'webMvcMetricsFilter' to: [/*]
2018-11-08 23:38:53 INFO  Servlet dispatcherServlet mapped to [/]
2018-11-08 23:38:53 INFO  Mapped URL path [/**/favicon.ico] onto handler of type [class org.springframework.web.servlet.resource.ResourceHttpRequestHandler]
2018-11-08 23:38:54 INFO  Looking for @ControllerAdvice: org.springframework.boot.web.servlet.context.AnnotationConfigServletWebServerApplicationContext@4cdbe50f: startup date [Thu Nov 08 23:38:47 UTC 2018]; root of context hierarchy
2018-11-08 23:38:54 INFO  Mapped "{[/v4/getFundSectorNames],methods=[GET],produces=[application/json]}" onto public org.springframework.http.ResponseEntity<java.util.List<java.lang.String>> com.mabulu.project.controller.StaticMutualFundController.getFundSectorNames()
2018-11-08 23:38:54 INFO  Mapped "{[/v4/getFundFamilyNamesBySector/{sectorName}],methods=[GET],produces=[application/json]}" onto public org.springframework.http.ResponseEntity<java.util.List<java.lang.String>> com.mabulu.project.controller.StaticMutualFundController.getFundFamilyNamesBySectorNames(java.lang.String)
2018-11-08 23:38:54 INFO  Mapped "{[/v4/getFundFamilyCodeByName/{sectorName}],methods=[GET],produces=[application/json]}" onto public org.springframework.http.ResponseEntity<java.util.List<java.lang.String>> com.mabulu.project.controller.StaticMutualFundController.getFundFamilyCodeByName(java.lang.String)
2018-11-08 23:38:54 INFO  Mapped "{[/v4/getFundCodeByFundFamily/{fundFamily}],methods=[GET],produces=[application/json]}" onto public org.springframework.http.ResponseEntity<java.util.List<java.lang.String>> com.mabulu.project.controller.StaticMutualFundController.getFundCodeByFundFamily(java.lang.String)
2018-11-08 23:38:54 INFO  Mapped "{[/v4/getFavouritesByUserId/{userid}],methods=[GET],produces=[application/json]}" onto public org.springframework.http.ResponseEntity<java.util.List<java.lang.String>> com.mabulu.project.controller.StaticMutualFundController.getFavouritesByUserId(int)
2018-11-08 23:38:54 INFO  Mapped "{[/v4/getStockPrice/{fundName}],methods=[GET],produces=[application/json]}" onto public org.springframework.http.ResponseEntity<com.mabulu.project.domain.StockPrice> com.mabulu.project.controller.StaticMutualFundController.getStockPrice(java.lang.String)
2018-11-08 23:38:54 INFO  Mapped "{[/v4/insertFavourite],methods=[GET]}" onto public org.springframework.http.ResponseEntity<java.lang.String> com.mabulu.project.controller.StaticMutualFundController.login(int,java.lang.String)
2018-11-08 23:38:54 INFO  Mapped "{[/v4/getPortFolio/{userportfolioid}],methods=[GET],produces=[application/json]}" onto public org.springframework.http.ResponseEntity<com.mabulu.project.domain.Data> com.mabulu.project.controller.StaticMutualFundController.getPortFolios(java.lang.String)
2018-11-08 23:38:54 INFO  Mapped "{[/v4/getPortFoliosByUserid/{userid}],methods=[GET],produces=[application/json]}" onto public org.springframework.http.ResponseEntity<java.util.List<com.mabulu.project.domain.PortFolioNameJson>> com.mabulu.project.controller.StaticMutualFundController.getPortFoliosByUserid(int)
2018-11-08 23:38:54 INFO  Mapped "{[/v4/getSinglePortFolioById/{userportfolioid}],methods=[GET],produces=[application/json]}" onto public org.springframework.http.ResponseEntity<com.mabulu.project.domain.SinglePortFolio> com.mabulu.project.controller.StaticMutualFundController.getValueById(java.lang.String)
2018-11-08 23:38:54 INFO  Mapped "{[/v4/deletePortFolioFromUserid/{portFolioId}],methods=[GET],produces=[application/json]}" onto public org.springframework.http.ResponseEntity<com.mabulu.project.domain.ReturnMessage> com.mabulu.project.controller.StaticMutualFundController.deletePortFolioFromUserid(java.lang.String)
2018-11-08 23:38:54 INFO  Mapped "{[/v4/postSinglePortFolio],methods=[POST],produces=[application/json]}" onto public org.springframework.http.ResponseEntity<com.mabulu.project.domain.ReturnMessage> com.mabulu.project.controller.StaticMutualFundController.postSinglePortFolio(com.mabulu.project.domain.SinglePortFolio)
2018-11-08 23:38:54 INFO  Mapped "{[/v4/postNewPortFolio],methods=[POST],produces=[application/json]}" onto public org.springframework.http.ResponseEntity<com.mabulu.project.domain.ReturnMessage> com.mabulu.project.controller.StaticMutualFundController.postNewPortFolio(com.mabulu.project.domain.PortFolioNameJson)
2018-11-08 23:38:54 INFO  Mapped "{[/v4/generateCsvFiles/{userId}],methods=[GET],produces=[application/json]}" onto public org.springframework.http.ResponseEntity<com.mabulu.project.domain.ReturnMessage> com.mabulu.project.controller.StaticMutualFundController.generateCsvFiles(int)
2018-11-08 23:38:54 INFO  Mapped "{[/v4/getScldVaGridAvgCombinedFactors/{moduleName}/{folderName}],methods=[GET],produces=[application/json]}" onto public org.springframework.http.ResponseEntity<com.mabulu.project.dynamic.domain.PortReturnsCombinedFactors> com.mabulu.project.controller.StaticMutualFundController.getScldVaGridAvgCombinedFactors(java.lang.String,java.lang.String)
2018-11-08 23:38:54 INFO  Mapped "{[/v4/getRRTradeOffGridCombinedFactors/{moduleName}/{folderName}],methods=[GET],produces=[application/json]}" onto public org.springframework.http.ResponseEntity<com.mabulu.project.dynamic.domain.PortReturnsCombinedFactors> com.mabulu.project.controller.StaticMutualFundController.getRRTradeOffGridCombinedFactors(java.lang.String,java.lang.String)
2018-11-08 23:38:54 INFO  Mapped "{[/v4/getRRTradeOffGrid/{moduleName}/{folderName}],methods=[GET],produces=[application/json]}" onto public org.springframework.http.ResponseEntity<com.mabulu.project.dynamic.domain.PortReturnsCombinedFactors> com.mabulu.project.controller.StaticMutualFundController.getRRTradeOffGrid(java.lang.String,java.lang.String)
2018-11-08 23:38:54 INFO  Mapped "{[/v4/getPortVaGridCombined/{moduleName}/{folderName}],methods=[GET],produces=[application/json]}" onto public org.springframework.http.ResponseEntity<com.mabulu.project.dynamic.domain.PortReturnsCombinedFactors> com.mabulu.project.controller.StaticMutualFundController.getPortVaGridCombined(java.lang.String,java.lang.String)
2018-11-08 23:38:54 INFO  Mapped "{[/v4/getPortReturnsCombinedFactorsPort/{moduleName}/{folderName}],methods=[GET],produces=[application/json]}" onto public org.springframework.http.ResponseEntity<com.mabulu.project.dynamic.domain.PortReturnsCombinedFactors> com.mabulu.project.controller.StaticMutualFundController.getPortReturnsCombinedFactorsPort(java.lang.String,java.lang.String)
2018-11-08 23:38:54 INFO  Mapped "{[/v4/getVaGridCombinedFactorsPort/{moduleName}/{folderName}],methods=[GET],produces=[application/json]}" onto public org.springframework.http.ResponseEntity<com.mabulu.project.dynamic.domain.PortReturnsCombinedFactors> com.mabulu.project.controller.StaticMutualFundController.getVaGridCombinedFactorsPort(java.lang.String,java.lang.String)
2018-11-08 23:38:54 INFO  Mapped "{[/v4/getVaGrid/{moduleName}/{folderName}],methods=[GET],produces=[application/json]}" onto public org.springframework.http.ResponseEntity<com.mabulu.project.dynamic.domain.PortReturnsCombinedFactors> com.mabulu.project.controller.StaticMutualFundController.getVaGrid(java.lang.String,java.lang.String)
2018-11-08 23:38:54 INFO  Mapped "{[/v4/getSpyReturnsGraphHistorical/{moduleName}/{folderName}],methods=[GET],produces=[application/json]}" onto public org.springframework.http.ResponseEntity<com.mabulu.project.domain.SpyReturnsCombineData> com.mabulu.project.controller.StaticMutualFundController.getSpyReturnsGraphHistorical(java.lang.String,java.lang.String)
2018-11-08 23:38:54 INFO  Mapped "{[/v4/getSpyFactors/{moduleName}/{folderName}],methods=[GET],produces=[application/json]}" onto public org.springframework.http.ResponseEntity<com.mabulu.project.domain.SpyPortFactors> com.mabulu.project.controller.StaticMutualFundController.getSpyFactors(java.lang.String,java.lang.String)
2018-11-08 23:38:54 INFO  Mapped "{[/v4/getSpyTradeOffFactors/{moduleName}/{folderName}],methods=[GET],produces=[application/json]}" onto public org.springframework.http.ResponseEntity<com.mabulu.project.domain.SpyPortFactorsTradeOffGridCombined> com.mabulu.project.controller.StaticMutualFundController.getSpyTradeOffFactors(java.lang.String,java.lang.String)
2018-11-08 23:38:54 INFO  Mapped "{[/v4/getScldAvgData/{moduleName}/{folderName}],methods=[GET],produces=[application/json]}" onto public org.springframework.http.ResponseEntity<com.mabulu.project.domain.ScldAvg> com.mabulu.project.controller.StaticMutualFundController.getScldAvgData(java.lang.String,java.lang.String)
2018-11-08 23:38:54 INFO  Mapped "{[/v4/getScldAvgCombinedData/{moduleName}/{folderName}],methods=[GET],produces=[application/json]}" onto public org.springframework.http.ResponseEntity<com.mabulu.project.domain.ScldAvgCombined> com.mabulu.project.controller.StaticMutualFundController.getScldAvgCombinedData(java.lang.String,java.lang.String)
2018-11-08 23:38:54 INFO  Mapped "{[/v4/getfundNames],methods=[GET],produces=[application/json]}" onto public org.springframework.http.ResponseEntity<java.util.List<java.lang.String>> com.mabulu.project.controller.StaticMutualFundController.getFundNames()
2018-11-08 23:38:54 INFO  Mapped "{[/v4/getFundFamilyNames],methods=[GET],produces=[application/json]}" onto public org.springframework.http.ResponseEntity<java.util.List<java.lang.String>> com.mabulu.project.controller.StaticMutualFundController.getFundFamilyNames()
2018-11-08 23:38:54 INFO  Mapped "{[/login],methods=[GET]}" onto public org.springframework.http.ResponseEntity<com.mabulu.project.domain.User> com.mabulu.project.controller.LoginController.login(java.lang.String,java.lang.String)
2018-11-08 23:38:54 INFO  Mapped "{[/v4/getRRTradeOffCombinedFactors/{moduleName}/{folderName}],methods=[GET],produces=[application/json]}" onto public org.springframework.http.ResponseEntity<com.mabulu.project.dynamic.domain.PortReturnsCombinedFactors> com.mabulu.project.controller.PersonalPortfolioController.getDynamicRRTradeOffCombinedFactors(java.lang.String,java.lang.String)
2018-11-08 23:38:54 INFO  Mapped "{[/v4/getScldVaGridAvgFactors/{moduleName}/{folderName}],methods=[GET],produces=[application/json]}" onto public org.springframework.http.ResponseEntity<com.mabulu.project.dynamic.domain.PortReturnsCombinedFactors> com.mabulu.project.controller.PersonalPortfolioController.getDynamicScldVaGridAvgFactors(java.lang.String,java.lang.String)
2018-11-08 23:38:54 INFO  Mapped "{[/v4/getPortReturnsCombinedDataReturns/{moduleName}/{folderName}],methods=[GET],produces=[application/json]}" onto public org.springframework.http.ResponseEntity<com.mabulu.project.dynamic.domain.PortReturnsCombinedFactors> com.mabulu.project.controller.PersonalPortfolioController.getPortReturnsCombinedFactors(java.lang.String,java.lang.String)
2018-11-08 23:38:54 INFO  Mapped "{[/v4/getPortReturnsVaGridCombinedFactors/{moduleName}/{folderName}],methods=[GET],produces=[application/json]}" onto public org.springframework.http.ResponseEntity<com.mabulu.project.dynamic.domain.PortReturnsCombinedFactors> com.mabulu.project.controller.PersonalPortfolioController.getDynamicPortReturnsVaGridCombinedFactors(java.lang.String,java.lang.String)
2018-11-08 23:38:54 INFO  Mapped "{[/v4/getPortReturnsCombinedDynamic/{moduleName}/{folderName}],methods=[GET],produces=[application/json]}" onto public org.springframework.http.ResponseEntity<com.mabulu.project.dynamic.domain.PortReturnsCombined> com.mabulu.project.controller.PersonalPortfolioController.getPortReturnsCombinedDynamic(java.lang.String,java.lang.String)
2018-11-08 23:38:54 INFO  Mapped "{[/v4/getPortReturnsVaGridDynamic/{moduleName}/{folderName}],methods=[GET],produces=[application/json]}" onto public org.springframework.http.ResponseEntity<com.mabulu.project.dynamic.domain.PortVaGrid> com.mabulu.project.controller.PersonalPortfolioController.getPortVaGridDynamic(java.lang.String,java.lang.String)
2018-11-08 23:38:54 INFO  Mapped "{[/v4/getScldAvgReturnsDynamic/{moduleName}/{folderName}],methods=[GET],produces=[application/json]}" onto public org.springframework.http.ResponseEntity<com.mabulu.project.dynamic.domain.ScldAvgRwAvg> com.mabulu.project.controller.PersonalPortfolioController.getScldAvgReturnsDynamic(java.lang.String,java.lang.String)
2018-11-08 23:38:54 INFO  Mapped "{[/error],produces=[text/html]}" onto public org.springframework.web.servlet.ModelAndView org.springframework.boot.autoconfigure.web.servlet.error.BasicErrorController.errorHtml(javax.servlet.http.HttpServletRequest,javax.servlet.http.HttpServletResponse)
2018-11-08 23:38:54 INFO  Mapped "{[/error]}" onto public org.springframework.http.ResponseEntity<java.util.Map<java.lang.String, java.lang.Object>> org.springframework.boot.autoconfigure.web.servlet.error.BasicErrorController.error(javax.servlet.http.HttpServletRequest)
2018-11-08 23:38:54 INFO  Mapped URL path [/webjars/**] onto handler of type [class org.springframework.web.servlet.resource.ResourceHttpRequestHandler]
2018-11-08 23:38:54 INFO  Mapped URL path [/**] onto handler of type [class org.springframework.web.servlet.resource.ResourceHttpRequestHandler]
2018-11-08 23:38:55 INFO  Exposing 2 endpoint(s) beneath base path '/actuator'
2018-11-08 23:38:55 INFO  Mapped "{[/actuator/health],methods=[GET],produces=[application/vnd.spring-boot.actuator.v2+json || application/json]}" onto public java.lang.Object org.springframework.boot.actuate.endpoint.web.servlet.AbstractWebMvcEndpointHandlerMapping$OperationHandler.handle(javax.servlet.http.HttpServletRequest,java.util.Map<java.lang.String, java.lang.String>)
2018-11-08 23:38:55 INFO  Mapped "{[/actuator/info],methods=[GET],produces=[application/vnd.spring-boot.actuator.v2+json || application/json]}" onto public java.lang.Object org.springframework.boot.actuate.endpoint.web.servlet.AbstractWebMvcEndpointHandlerMapping$OperationHandler.handle(javax.servlet.http.HttpServletRequest,java.util.Map<java.lang.String, java.lang.String>)
2018-11-08 23:38:55 INFO  Mapped "{[/actuator],methods=[GET],produces=[application/vnd.spring-boot.actuator.v2+json || application/json]}" onto protected java.util.Map<java.lang.String, java.util.Map<java.lang.String, org.springframework.boot.actuate.endpoint.web.Link>> org.springframework.boot.actuate.endpoint.web.servlet.WebMvcEndpointHandlerMapping.links(javax.servlet.http.HttpServletRequest,javax.servlet.http.HttpServletResponse)
2018-11-08 23:38:55 INFO  Registering beans for JMX exposure on startup
2018-11-08 23:38:55 INFO  Tomcat started on port(s): 8080 (http) with context path ''
2018-11-08 23:38:55 INFO  Started MabuluSpringApplication in 9.928 seconds (JVM running for 12.32)
2018-11-08 23:42:30 INFO  FrameworkServlet 'dispatcherServlet': initialization started
2018-11-08 23:42:30 INFO  FrameworkServlet 'dispatcherServlet': initialization completed in 32 ms
2018-11-08 23:42:56 INFO  Closing org.springframework.boot.web.servlet.context.AnnotationConfigServletWebServerApplicationContext@4cdbe50f: startup date [Thu Nov 08 23:38:47 UTC 2018]; root of context hierarchy
2018-11-08 23:42:56 INFO  Unregistering JMX-exposed beans on shutdown
2018-11-08 23:45:40 INFO  Starting MabuluSpringApplication v0.0.1-SNAPSHOT on ip-172-31-45-26 with PID 10984 (/var/www/springboot/MabuluServices.jar started by ubuntu in /var/www/springboot)
2018-11-08 23:45:40 DEBUG Running with Spring Boot v2.0.2.RELEASE, Spring v5.0.6.RELEASE
2018-11-08 23:45:40 INFO  No active profile set, falling back to default profiles: default
2018-11-08 23:45:40 INFO  Refreshing org.springframework.boot.web.servlet.context.AnnotationConfigServletWebServerApplicationContext@4cdbe50f: startup date [Thu Nov 08 23:45:40 UTC 2018]; root of context hierarchy
2018-11-08 23:45:44 INFO  Bean 'org.springframework.transaction.annotation.ProxyTransactionManagementConfiguration' of type [org.springframework.transaction.annotation.ProxyTransactionManagementConfiguration$$EnhancerBySpringCGLIB$$582af4bf] is not eligible for getting processed by all BeanPostProcessors (for example: not eligible for auto-proxying)
2018-11-08 23:45:44 INFO  Tomcat initialized with port(s): 8080 (http)
2018-11-08 23:45:45 INFO  Root WebApplicationContext: initialization completed in 4573 ms
2018-11-08 23:45:46 INFO  Loaded JDBC driver: com.mysql.jdbc.Driver
2018-11-08 23:45:46 INFO  Mapping filter: 'characterEncodingFilter' to: [/*]
2018-11-08 23:45:46 INFO  Mapping filter: 'hiddenHttpMethodFilter' to: [/*]
2018-11-08 23:45:46 INFO  Mapping filter: 'httpPutFormContentFilter' to: [/*]
2018-11-08 23:45:46 INFO  Mapping filter: 'requestContextFilter' to: [/*]
2018-11-08 23:45:46 INFO  Mapping filter: 'corsFilter' to: [/*]
2018-11-08 23:45:46 INFO  Mapping filter: 'httpTraceFilter' to: [/*]
2018-11-08 23:45:46 INFO  Mapping filter: 'webMvcMetricsFilter' to: [/*]
2018-11-08 23:45:46 INFO  Servlet dispatcherServlet mapped to [/]
2018-11-08 23:45:46 WARN  Exception encountered during context initialization - cancelling refresh attempt: org.springframework.beans.factory.UnsatisfiedDependencyException: Error creating bean with name 'personalPortfolioController': Unsatisfied dependency expressed through field 'jsonReadServiceDynamics'; nested exception is org.springframework.beans.factory.BeanCreationException: Error creating bean with name 'jsonReadServiceDynamic': Injection of autowired dependencies failed; nested exception is java.lang.IllegalArgumentException: Could not resolve placeholder 'dynamicbasePath' in value "${dynamicbasePath}"
2018-11-08 23:45:47 INFO  

Error starting ApplicationContext. To display the conditions report re-run your application with 'debug' enabled.
2018-11-08 23:45:47 ERROR Application run failed
org.springframework.beans.factory.UnsatisfiedDependencyException: Error creating bean with name 'personalPortfolioController': Unsatisfied dependency expressed through field 'jsonReadServiceDynamics'; nested exception is org.springframework.beans.factory.BeanCreationException: Error creating bean with name 'jsonReadServiceDynamic': Injection of autowired dependencies failed; nested exception is java.lang.IllegalArgumentException: Could not resolve placeholder 'dynamicbasePath' in value "${dynamicbasePath}"
	at org.springframework.beans.factory.annotation.AutowiredAnnotationBeanPostProcessor$AutowiredFieldElement.inject(AutowiredAnnotationBeanPostProcessor.java:587) ~[spring-beans-5.0.6.RELEASE.jar!/:5.0.6.RELEASE]
	at org.springframework.beans.factory.annotation.InjectionMetadata.inject(InjectionMetadata.java:91) ~[spring-beans-5.0.6.RELEASE.jar!/:5.0.6.RELEASE]
	at org.springframework.beans.factory.annotation.AutowiredAnnotationBeanPostProcessor.postProcessPropertyValues(AutowiredAnnotationBeanPostProcessor.java:373) ~[spring-beans-5.0.6.RELEASE.jar!/:5.0.6.RELEASE]
	at org.springframework.beans.factory.support.AbstractAutowireCapableBeanFactory.populateBean(AbstractAutowireCapableBeanFactory.java:1348) ~[spring-beans-5.0.6.RELEASE.jar!/:5.0.6.RELEASE]
	at org.springframework.beans.factory.support.AbstractAutowireCapableBeanFactory.doCreateBean(AbstractAutowireCapableBeanFactory.java:578) ~[spring-beans-5.0.6.RELEASE.jar!/:5.0.6.RELEASE]
	at org.springframework.beans.factory.support.AbstractAutowireCapableBeanFactory.createBean(AbstractAutowireCapableBeanFactory.java:501) ~[spring-beans-5.0.6.RELEASE.jar!/:5.0.6.RELEASE]
	at org.springframework.beans.factory.support.AbstractBeanFactory.lambda$doGetBean$0(AbstractBeanFactory.java:317) ~[spring-beans-5.0.6.RELEASE.jar!/:5.0.6.RELEASE]
	at org.springframework.beans.factory.support.DefaultSingletonBeanRegistry.getSingleton(DefaultSingletonBeanRegistry.java:228) ~[spring-beans-5.0.6.RELEASE.jar!/:5.0.6.RELEASE]
	at org.springframework.beans.factory.support.AbstractBeanFactory.doGetBean(AbstractBeanFactory.java:315) ~[spring-beans-5.0.6.RELEASE.jar!/:5.0.6.RELEASE]
	at org.springframework.beans.factory.support.AbstractBeanFactory.getBean(AbstractBeanFactory.java:199) ~[spring-beans-5.0.6.RELEASE.jar!/:5.0.6.RELEASE]
	at org.springframework.beans.factory.support.DefaultListableBeanFactory.preInstantiateSingletons(DefaultListableBeanFactory.java:760) ~[spring-beans-5.0.6.RELEASE.jar!/:5.0.6.RELEASE]
	at org.springframework.context.support.AbstractApplicationContext.finishBeanFactoryInitialization(AbstractApplicationContext.java:869) ~[spring-context-5.0.6.RELEASE.jar!/:5.0.6.RELEASE]
	at org.springframework.context.support.AbstractApplicationContext.refresh(AbstractApplicationContext.java:550) ~[spring-context-5.0.6.RELEASE.jar!/:5.0.6.RELEASE]
	at org.springframework.boot.web.servlet.context.ServletWebServerApplicationContext.refresh(ServletWebServerApplicationContext.java:140) ~[spring-boot-2.0.2.RELEASE.jar!/:2.0.2.RELEASE]
	at org.springframework.boot.SpringApplication.refresh(SpringApplication.java:759) [spring-boot-2.0.2.RELEASE.jar!/:2.0.2.RELEASE]
	at org.springframework.boot.SpringApplication.refreshContext(SpringApplication.java:395) [spring-boot-2.0.2.RELEASE.jar!/:2.0.2.RELEASE]
	at org.springframework.boot.SpringApplication.run(SpringApplication.java:327) [spring-boot-2.0.2.RELEASE.jar!/:2.0.2.RELEASE]
	at org.springframework.boot.SpringApplication.run(SpringApplication.java:1255) [spring-boot-2.0.2.RELEASE.jar!/:2.0.2.RELEASE]
	at org.springframework.boot.SpringApplication.run(SpringApplication.java:1243) [spring-boot-2.0.2.RELEASE.jar!/:2.0.2.RELEASE]
	at com.mabulu.project.config.MabuluSpringApplication.main(MabuluSpringApplication.java:10) [classes!/:0.0.1-SNAPSHOT]
	at sun.reflect.NativeMethodAccessorImpl.invoke0(Native Method) ~[?:1.8.0_181]
	at sun.reflect.NativeMethodAccessorImpl.invoke(NativeMethodAccessorImpl.java:62) ~[?:1.8.0_181]
	at sun.reflect.DelegatingMethodAccessorImpl.invoke(DelegatingMethodAccessorImpl.java:43) ~[?:1.8.0_181]
	at java.lang.reflect.Method.invoke(Method.java:498) ~[?:1.8.0_181]
	at org.springframework.boot.loader.MainMethodRunner.run(MainMethodRunner.java:48) [MabuluServices.jar:0.0.1-SNAPSHOT]
	at org.springframework.boot.loader.Launcher.launch(Launcher.java:87) [MabuluServices.jar:0.0.1-SNAPSHOT]
	at org.springframework.boot.loader.Launcher.launch(Launcher.java:50) [MabuluServices.jar:0.0.1-SNAPSHOT]
	at org.springframework.boot.loader.JarLauncher.main(JarLauncher.java:51) [MabuluServices.jar:0.0.1-SNAPSHOT]
Caused by: org.springframework.beans.factory.BeanCreationException: Error creating bean with name 'jsonReadServiceDynamic': Injection of autowired dependencies failed; nested exception is java.lang.IllegalArgumentException: Could not resolve placeholder 'dynamicbasePath' in value "${dynamicbasePath}"
	at org.springframework.beans.factory.annotation.AutowiredAnnotationBeanPostProcessor.postProcessPropertyValues(AutowiredAnnotationBeanPostProcessor.java:379) ~[spring-beans-5.0.6.RELEASE.jar!/:5.0.6.RELEASE]
	at org.springframework.beans.factory.support.AbstractAutowireCapableBeanFactory.populateBean(AbstractAutowireCapableBeanFactory.java:1348) ~[spring-beans-5.0.6.RELEASE.jar!/:5.0.6.RELEASE]
	at org.springframework.beans.factory.support.AbstractAutowireCapableBeanFactory.doCreateBean(AbstractAutowireCapableBeanFactory.java:578) ~[spring-beans-5.0.6.RELEASE.jar!/:5.0.6.RELEASE]
	at org.springframework.beans.factory.support.AbstractAutowireCapableBeanFactory.createBean(AbstractAutowireCapableBeanFactory.java:501) ~[spring-beans-5.0.6.RELEASE.jar!/:5.0.6.RELEASE]
	at org.springframework.beans.factory.support.AbstractBeanFactory.lambda$doGetBean$0(AbstractBeanFactory.java:317) ~[spring-beans-5.0.6.RELEASE.jar!/:5.0.6.RELEASE]
	at org.springframework.beans.factory.support.DefaultSingletonBeanRegistry.getSingleton(DefaultSingletonBeanRegistry.java:228) ~[spring-beans-5.0.6.RELEASE.jar!/:5.0.6.RELEASE]
	at org.springframework.beans.factory.support.AbstractBeanFactory.doGetBean(AbstractBeanFactory.java:315) ~[spring-beans-5.0.6.RELEASE.jar!/:5.0.6.RELEASE]
	at org.springframework.beans.factory.support.AbstractBeanFactory.getBean(AbstractBeanFactory.java:199) ~[spring-beans-5.0.6.RELEASE.jar!/:5.0.6.RELEASE]
	at org.springframework.beans.factory.config.DependencyDescriptor.resolveCandidate(DependencyDescriptor.java:251) ~[spring-beans-5.0.6.RELEASE.jar!/:5.0.6.RELEASE]
	at org.springframework.beans.factory.support.DefaultListableBeanFactory.doResolveDependency(DefaultListableBeanFactory.java:1138) ~[spring-beans-5.0.6.RELEASE.jar!/:5.0.6.RELEASE]
	at org.springframework.beans.factory.support.DefaultListableBeanFactory.resolveDependency(DefaultListableBeanFactory.java:1065) ~[spring-beans-5.0.6.RELEASE.jar!/:5.0.6.RELEASE]
	at org.springframework.beans.factory.annotation.AutowiredAnnotationBeanPostProcessor$AutowiredFieldElement.inject(AutowiredAnnotationBeanPostProcessor.java:584) ~[spring-beans-5.0.6.RELEASE.jar!/:5.0.6.RELEASE]
	... 27 more
Caused by: java.lang.IllegalArgumentException: Could not resolve placeholder 'dynamicbasePath' in value "${dynamicbasePath}"
	at org.springframework.util.PropertyPlaceholderHelper.parseStringValue(PropertyPlaceholderHelper.java:172) ~[spring-core-5.0.6.RELEASE.jar!/:5.0.6.RELEASE]
	at org.springframework.util.PropertyPlaceholderHelper.replacePlaceholders(PropertyPlaceholderHelper.java:124) ~[spring-core-5.0.6.RELEASE.jar!/:5.0.6.RELEASE]
	at org.springframework.core.env.AbstractPropertyResolver.doResolvePlaceholders(AbstractPropertyResolver.java:237) ~[spring-core-5.0.6.RELEASE.jar!/:5.0.6.RELEASE]
	at org.springframework.core.env.AbstractPropertyResolver.resolveRequiredPlaceholders(AbstractPropertyResolver.java:211) ~[spring-core-5.0.6.RELEASE.jar!/:5.0.6.RELEASE]
	at org.springframework.context.support.PropertySourcesPlaceholderConfigurer.lambda$processProperties$0(PropertySourcesPlaceholderConfigurer.java:175) ~[spring-context-5.0.6.RELEASE.jar!/:5.0.6.RELEASE]
	at org.springframework.beans.factory.support.AbstractBeanFactory.resolveEmbeddedValue(AbstractBeanFactory.java:839) ~[spring-beans-5.0.6.RELEASE.jar!/:5.0.6.RELEASE]
	at org.springframework.beans.factory.support.DefaultListableBeanFactory.doResolveDependency(DefaultListableBeanFactory.java:1086) ~[spring-beans-5.0.6.RELEASE.jar!/:5.0.6.RELEASE]
	at org.springframework.beans.factory.support.DefaultListableBeanFactory.resolveDependency(DefaultListableBeanFactory.java:1065) ~[spring-beans-5.0.6.RELEASE.jar!/:5.0.6.RELEASE]
	at org.springframework.beans.factory.annotation.AutowiredAnnotationBeanPostProcessor$AutowiredFieldElement.inject(AutowiredAnnotationBeanPostProcessor.java:584) ~[spring-beans-5.0.6.RELEASE.jar!/:5.0.6.RELEASE]
	at org.springframework.beans.factory.annotation.InjectionMetadata.inject(InjectionMetadata.java:91) ~[spring-beans-5.0.6.RELEASE.jar!/:5.0.6.RELEASE]
	at org.springframework.beans.factory.annotation.AutowiredAnnotationBeanPostProcessor.postProcessPropertyValues(AutowiredAnnotationBeanPostProcessor.java:373) ~[spring-beans-5.0.6.RELEASE.jar!/:5.0.6.RELEASE]
	at org.springframework.beans.factory.support.AbstractAutowireCapableBeanFactory.populateBean(AbstractAutowireCapableBeanFactory.java:1348) ~[spring-beans-5.0.6.RELEASE.jar!/:5.0.6.RELEASE]
	at org.springframework.beans.factory.support.AbstractAutowireCapableBeanFactory.doCreateBean(AbstractAutowireCapableBeanFactory.java:578) ~[spring-beans-5.0.6.RELEASE.jar!/:5.0.6.RELEASE]
	at org.springframework.beans.factory.support.AbstractAutowireCapableBeanFactory.createBean(AbstractAutowireCapableBeanFactory.java:501) ~[spring-beans-5.0.6.RELEASE.jar!/:5.0.6.RELEASE]
	at org.springframework.beans.factory.support.AbstractBeanFactory.lambda$doGetBean$0(AbstractBeanFactory.java:317) ~[spring-beans-5.0.6.RELEASE.jar!/:5.0.6.RELEASE]
	at org.springframework.beans.factory.support.DefaultSingletonBeanRegistry.getSingleton(DefaultSingletonBeanRegistry.java:228) ~[spring-beans-5.0.6.RELEASE.jar!/:5.0.6.RELEASE]
	at org.springframework.beans.factory.support.AbstractBeanFactory.doGetBean(AbstractBeanFactory.java:315) ~[spring-beans-5.0.6.RELEASE.jar!/:5.0.6.RELEASE]
	at org.springframework.beans.factory.support.AbstractBeanFactory.getBean(AbstractBeanFactory.java:199) ~[spring-beans-5.0.6.RELEASE.jar!/:5.0.6.RELEASE]
	at org.springframework.beans.factory.config.DependencyDescriptor.resolveCandidate(DependencyDescriptor.java:251) ~[spring-beans-5.0.6.RELEASE.jar!/:5.0.6.RELEASE]
	at org.springframework.beans.factory.support.DefaultListableBeanFactory.doResolveDependency(DefaultListableBeanFactory.java:1138) ~[spring-beans-5.0.6.RELEASE.jar!/:5.0.6.RELEASE]
	at org.springframework.beans.factory.support.DefaultListableBeanFactory.resolveDependency(DefaultListableBeanFactory.java:1065) ~[spring-beans-5.0.6.RELEASE.jar!/:5.0.6.RELEASE]
	at org.springframework.beans.factory.annotation.AutowiredAnnotationBeanPostProcessor$AutowiredFieldElement.inject(AutowiredAnnotationBeanPostProcessor.java:584) ~[spring-beans-5.0.6.RELEASE.jar!/:5.0.6.RELEASE]
	... 27 more
